[2018-03-27T17:11:17.468] [ERROR] error - 
        POST 
        /user/login 
        500 
        req: {"{\"account\":\"xugang\",\"passwd\":\"xu19880816\",\"email\":\"371801080@qq":{"com\"}":""}} 
        res: 
        errMsg: Internal Server Error
        errStack: InternalServerError: Internal Server Error
    at Object.throw (/Users/xugang/mywork/vue/JYblog/server/node_modules/koa/lib/context.js:93:11)
    at login (/Users/xugang/mywork/vue/JYblog/server/src/controller/user.js:117:13)
    at <anonymous>
    at process._tickCallback (internal/process/next_tick.js:188:7)
    
[2018-03-27T17:11:17.683] [ERROR] error - 
        POST 
        /user/register 
        500 
        req: {"{\"account\":\"xugang2\",\"passwd\":\"xu19880816\",\"email\":\"3718010801@qq":{"com\"}":""}} 
        res: 
        errMsg: Internal Server Error
        errStack: InternalServerError: Internal Server Error
    at Object.throw (/Users/xugang/mywork/vue/JYblog/server/node_modules/koa/lib/context.js:93:11)
    at register (/Users/xugang/mywork/vue/JYblog/server/src/controller/user.js:33:13)
    at <anonymous>
    at process._tickCallback (internal/process/next_tick.js:188:7)
    
[2018-03-27T17:19:17.885] [ERROR] error - 
        POST 
        /user/register 
        500 
        req: {"{\"account\":\"xugang2\",\"passwd\":\"xu19880816\",\"email\":\"3718010801@qq":{"com\"}":""}} 
        res: 
        errMsg: Internal Server Error
        errStack: InternalServerError: Internal Server Error
    at Object.throw (/Users/xugang/mywork/vue/JYblog/server/node_modules/koa/lib/context.js:93:11)
    at register (/Users/xugang/mywork/vue/JYblog/server/src/controller/user.js:32:13)
    at <anonymous>
    at process._tickCallback (internal/process/next_tick.js:188:7)
    
[2018-03-27T17:19:17.888] [ERROR] error - 
        POST 
        /user/login 
        500 
        req: {"{\"account\":\"xugang\",\"passwd\":\"xu19880816\",\"email\":\"371801080@qq":{"com\"}":""}} 
        res: 
        errMsg: Internal Server Error
        errStack: InternalServerError: Internal Server Error
    at Object.throw (/Users/xugang/mywork/vue/JYblog/server/node_modules/koa/lib/context.js:93:11)
    at login (/Users/xugang/mywork/vue/JYblog/server/src/controller/user.js:113:13)
    at <anonymous>
    at process._tickCallback (internal/process/next_tick.js:188:7)
    
[2018-03-27T17:20:48.895] [ERROR] error - 
        POST 
        /user/login 
        500 
        req: {"{\"account\":\"xugang\",\"passwd\":\"xu19880816\",\"email\":\"371801080@qq":{"com\"}":""}} 
        res: 
        errMsg: ER_BAD_NULL_ERROR: Column 'user_name' cannot be null
        errStack: Error: ER_BAD_NULL_ERROR: Column 'user_name' cannot be null
    at Query.Sequence._packetToError (/Users/xugang/mywork/vue/JYblog/server/node_modules/mysql/lib/protocol/sequences/Sequence.js:52:14)
    at Query.ErrorPacket (/Users/xugang/mywork/vue/JYblog/server/node_modules/mysql/lib/protocol/sequences/Query.js:77:18)
    at Protocol._parsePacket (/Users/xugang/mywork/vue/JYblog/server/node_modules/mysql/lib/protocol/Protocol.js:279:23)
    at Parser.write (/Users/xugang/mywork/vue/JYblog/server/node_modules/mysql/lib/protocol/Parser.js:76:12)
    at Protocol.write (/Users/xugang/mywork/vue/JYblog/server/node_modules/mysql/lib/protocol/Protocol.js:39:16)
    at Socket.<anonymous> (/Users/xugang/mywork/vue/JYblog/server/node_modules/mysql/lib/Connection.js:103:28)
    at emitOne (events.js:116:13)
    at Socket.emit (events.js:211:7)
    at addChunk (_stream_readable.js:263:12)
    at readableAddChunk (_stream_readable.js:250:11)
    --------------------
    at Protocol._enqueue (/Users/xugang/mywork/vue/JYblog/server/node_modules/mysql/lib/protocol/Protocol.js:145:48)
    at PoolConnection.query (/Users/xugang/mywork/vue/JYblog/server/node_modules/mysql/lib/Connection.js:208:25)
    at pool.getConnection (/Users/xugang/mywork/vue/JYblog/server/src/tool/mysql.js:22:28)
    at Handshake.onConnect [as _callback] (/Users/xugang/mywork/vue/JYblog/server/node_modules/mysql/lib/Pool.js:64:7)
    at Handshake.Sequence.end (/Users/xugang/mywork/vue/JYblog/server/node_modules/mysql/lib/protocol/sequences/Sequence.js:88:24)
    at Handshake.Sequence.OkPacket (/Users/xugang/mywork/vue/JYblog/server/node_modules/mysql/lib/protocol/sequences/Sequence.js:97:8)
    at Protocol._parsePacket (/Users/xugang/mywork/vue/JYblog/server/node_modules/mysql/lib/protocol/Protocol.js:279:23)
    at Parser.write (/Users/xugang/mywork/vue/JYblog/server/node_modules/mysql/lib/protocol/Parser.js:76:12)
    at Protocol.write (/Users/xugang/mywork/vue/JYblog/server/node_modules/mysql/lib/protocol/Protocol.js:39:16)
    at Socket.<anonymous> (/Users/xugang/mywork/vue/JYblog/server/node_modules/mysql/lib/Connection.js:103:28)
    
[2018-03-27T17:20:49.110] [ERROR] error - 
        POST 
        /user/register 
        500 
        req: {"{\"account\":\"xugang2\",\"passwd\":\"xu19880816\",\"email\":\"3718010801@qq":{"com\"}":""}} 
        res: 
        errMsg: ER_BAD_NULL_ERROR: Column 'user_name' cannot be null
        errStack: Error: ER_BAD_NULL_ERROR: Column 'user_name' cannot be null
    at Query.Sequence._packetToError (/Users/xugang/mywork/vue/JYblog/server/node_modules/mysql/lib/protocol/sequences/Sequence.js:52:14)
    at Query.ErrorPacket (/Users/xugang/mywork/vue/JYblog/server/node_modules/mysql/lib/protocol/sequences/Query.js:77:18)
    at Protocol._parsePacket (/Users/xugang/mywork/vue/JYblog/server/node_modules/mysql/lib/protocol/Protocol.js:279:23)
    at Parser.write (/Users/xugang/mywork/vue/JYblog/server/node_modules/mysql/lib/protocol/Parser.js:76:12)
    at Protocol.write (/Users/xugang/mywork/vue/JYblog/server/node_modules/mysql/lib/protocol/Protocol.js:39:16)
    at Socket.<anonymous> (/Users/xugang/mywork/vue/JYblog/server/node_modules/mysql/lib/Connection.js:103:28)
    at emitOne (events.js:116:13)
    at Socket.emit (events.js:211:7)
    at addChunk (_stream_readable.js:263:12)
    at readableAddChunk (_stream_readable.js:250:11)
    --------------------
    at Protocol._enqueue (/Users/xugang/mywork/vue/JYblog/server/node_modules/mysql/lib/protocol/Protocol.js:145:48)
    at PoolConnection.query (/Users/xugang/mywork/vue/JYblog/server/node_modules/mysql/lib/Connection.js:208:25)
    at pool.getConnection (/Users/xugang/mywork/vue/JYblog/server/src/tool/mysql.js:22:28)
    at Handshake.onConnect [as _callback] (/Users/xugang/mywork/vue/JYblog/server/node_modules/mysql/lib/Pool.js:64:7)
    at Handshake.Sequence.end (/Users/xugang/mywork/vue/JYblog/server/node_modules/mysql/lib/protocol/sequences/Sequence.js:88:24)
    at Handshake.Sequence.OkPacket (/Users/xugang/mywork/vue/JYblog/server/node_modules/mysql/lib/protocol/sequences/Sequence.js:97:8)
    at Protocol._parsePacket (/Users/xugang/mywork/vue/JYblog/server/node_modules/mysql/lib/protocol/Protocol.js:279:23)
    at Parser.write (/Users/xugang/mywork/vue/JYblog/server/node_modules/mysql/lib/protocol/Parser.js:76:12)
    at Protocol.write (/Users/xugang/mywork/vue/JYblog/server/node_modules/mysql/lib/protocol/Protocol.js:39:16)
    at Socket.<anonymous> (/Users/xugang/mywork/vue/JYblog/server/node_modules/mysql/lib/Connection.js:103:28)
    
[2018-03-27T17:22:44.478] [ERROR] error - 
        POST 
        /user/login 
        500 
        req: {"{\"account\":\"xugang\",\"passwd\":\"xu19880816\",\"email\":\"371801080@qq":{"com\"}":""}} 
        res: 
        errMsg: ER_BAD_NULL_ERROR: Column 'user_name' cannot be null
        errStack: Error: ER_BAD_NULL_ERROR: Column 'user_name' cannot be null
    at Query.Sequence._packetToError (/Users/xugang/mywork/vue/JYblog/server/node_modules/mysql/lib/protocol/sequences/Sequence.js:52:14)
    at Query.ErrorPacket (/Users/xugang/mywork/vue/JYblog/server/node_modules/mysql/lib/protocol/sequences/Query.js:77:18)
    at Protocol._parsePacket (/Users/xugang/mywork/vue/JYblog/server/node_modules/mysql/lib/protocol/Protocol.js:279:23)
    at Parser.write (/Users/xugang/mywork/vue/JYblog/server/node_modules/mysql/lib/protocol/Parser.js:76:12)
    at Protocol.write (/Users/xugang/mywork/vue/JYblog/server/node_modules/mysql/lib/protocol/Protocol.js:39:16)
    at Socket.<anonymous> (/Users/xugang/mywork/vue/JYblog/server/node_modules/mysql/lib/Connection.js:103:28)
    at emitOne (events.js:116:13)
    at Socket.emit (events.js:211:7)
    at addChunk (_stream_readable.js:263:12)
    at readableAddChunk (_stream_readable.js:250:11)
    --------------------
    at Protocol._enqueue (/Users/xugang/mywork/vue/JYblog/server/node_modules/mysql/lib/protocol/Protocol.js:145:48)
    at PoolConnection.query (/Users/xugang/mywork/vue/JYblog/server/node_modules/mysql/lib/Connection.js:208:25)
    at pool.getConnection (/Users/xugang/mywork/vue/JYblog/server/src/tool/mysql.js:22:28)
    at Handshake.onConnect [as _callback] (/Users/xugang/mywork/vue/JYblog/server/node_modules/mysql/lib/Pool.js:64:7)
    at Handshake.Sequence.end (/Users/xugang/mywork/vue/JYblog/server/node_modules/mysql/lib/protocol/sequences/Sequence.js:88:24)
    at Handshake.Sequence.OkPacket (/Users/xugang/mywork/vue/JYblog/server/node_modules/mysql/lib/protocol/sequences/Sequence.js:97:8)
    at Protocol._parsePacket (/Users/xugang/mywork/vue/JYblog/server/node_modules/mysql/lib/protocol/Protocol.js:279:23)
    at Parser.write (/Users/xugang/mywork/vue/JYblog/server/node_modules/mysql/lib/protocol/Parser.js:76:12)
    at Protocol.write (/Users/xugang/mywork/vue/JYblog/server/node_modules/mysql/lib/protocol/Protocol.js:39:16)
    at Socket.<anonymous> (/Users/xugang/mywork/vue/JYblog/server/node_modules/mysql/lib/Connection.js:103:28)
    
[2018-03-27T17:22:44.492] [ERROR] error - 
        POST 
        /user/register 
        500 
        req: {"{\"account\":\"xugang2\",\"passwd\":\"xu19880816\",\"email\":\"3718010801@qq":{"com\"}":""}} 
        res: 
        errMsg: ER_BAD_NULL_ERROR: Column 'user_name' cannot be null
        errStack: Error: ER_BAD_NULL_ERROR: Column 'user_name' cannot be null
    at Query.Sequence._packetToError (/Users/xugang/mywork/vue/JYblog/server/node_modules/mysql/lib/protocol/sequences/Sequence.js:52:14)
    at Query.ErrorPacket (/Users/xugang/mywork/vue/JYblog/server/node_modules/mysql/lib/protocol/sequences/Query.js:77:18)
    at Protocol._parsePacket (/Users/xugang/mywork/vue/JYblog/server/node_modules/mysql/lib/protocol/Protocol.js:279:23)
    at Parser.write (/Users/xugang/mywork/vue/JYblog/server/node_modules/mysql/lib/protocol/Parser.js:76:12)
    at Protocol.write (/Users/xugang/mywork/vue/JYblog/server/node_modules/mysql/lib/protocol/Protocol.js:39:16)
    at Socket.<anonymous> (/Users/xugang/mywork/vue/JYblog/server/node_modules/mysql/lib/Connection.js:103:28)
    at emitOne (events.js:116:13)
    at Socket.emit (events.js:211:7)
    at addChunk (_stream_readable.js:263:12)
    at readableAddChunk (_stream_readable.js:250:11)
    --------------------
    at Protocol._enqueue (/Users/xugang/mywork/vue/JYblog/server/node_modules/mysql/lib/protocol/Protocol.js:145:48)
    at PoolConnection.query (/Users/xugang/mywork/vue/JYblog/server/node_modules/mysql/lib/Connection.js:208:25)
    at pool.getConnection (/Users/xugang/mywork/vue/JYblog/server/src/tool/mysql.js:22:28)
    at Handshake.onConnect [as _callback] (/Users/xugang/mywork/vue/JYblog/server/node_modules/mysql/lib/Pool.js:64:7)
    at Handshake.Sequence.end (/Users/xugang/mywork/vue/JYblog/server/node_modules/mysql/lib/protocol/sequences/Sequence.js:88:24)
    at Handshake.Sequence.OkPacket (/Users/xugang/mywork/vue/JYblog/server/node_modules/mysql/lib/protocol/sequences/Sequence.js:97:8)
    at Protocol._parsePacket (/Users/xugang/mywork/vue/JYblog/server/node_modules/mysql/lib/protocol/Protocol.js:279:23)
    at Parser.write (/Users/xugang/mywork/vue/JYblog/server/node_modules/mysql/lib/protocol/Parser.js:76:12)
    at Protocol.write (/Users/xugang/mywork/vue/JYblog/server/node_modules/mysql/lib/protocol/Protocol.js:39:16)
    at Socket.<anonymous> (/Users/xugang/mywork/vue/JYblog/server/node_modules/mysql/lib/Connection.js:103:28)
    
[2018-03-27T17:38:08.309] [ERROR] error - 
        POST 
        /user/register 
        500 
        req: {"{\"account\":\"xugang2\",\"passwd\":\"xu19880816\",\"email\":\"3718010801@qq":{"com\"}":""}} 
        res: 
        errMsg: ER_BAD_NULL_ERROR: Column 'user_name' cannot be null
        errStack: Error: ER_BAD_NULL_ERROR: Column 'user_name' cannot be null
    at Query.Sequence._packetToError (/Users/xugang/mywork/vue/JYblog/server/node_modules/mysql/lib/protocol/sequences/Sequence.js:52:14)
    at Query.ErrorPacket (/Users/xugang/mywork/vue/JYblog/server/node_modules/mysql/lib/protocol/sequences/Query.js:77:18)
    at Protocol._parsePacket (/Users/xugang/mywork/vue/JYblog/server/node_modules/mysql/lib/protocol/Protocol.js:279:23)
    at Parser.write (/Users/xugang/mywork/vue/JYblog/server/node_modules/mysql/lib/protocol/Parser.js:76:12)
    at Protocol.write (/Users/xugang/mywork/vue/JYblog/server/node_modules/mysql/lib/protocol/Protocol.js:39:16)
    at Socket.<anonymous> (/Users/xugang/mywork/vue/JYblog/server/node_modules/mysql/lib/Connection.js:103:28)
    at emitOne (events.js:116:13)
    at Socket.emit (events.js:211:7)
    at addChunk (_stream_readable.js:263:12)
    at readableAddChunk (_stream_readable.js:250:11)
    --------------------
    at Protocol._enqueue (/Users/xugang/mywork/vue/JYblog/server/node_modules/mysql/lib/protocol/Protocol.js:145:48)
    at PoolConnection.query (/Users/xugang/mywork/vue/JYblog/server/node_modules/mysql/lib/Connection.js:208:25)
    at pool.getConnection (/Users/xugang/mywork/vue/JYblog/server/src/tool/mysql.js:22:28)
    at Handshake.onConnect [as _callback] (/Users/xugang/mywork/vue/JYblog/server/node_modules/mysql/lib/Pool.js:64:7)
    at Handshake.Sequence.end (/Users/xugang/mywork/vue/JYblog/server/node_modules/mysql/lib/protocol/sequences/Sequence.js:88:24)
    at Handshake.Sequence.OkPacket (/Users/xugang/mywork/vue/JYblog/server/node_modules/mysql/lib/protocol/sequences/Sequence.js:97:8)
    at Protocol._parsePacket (/Users/xugang/mywork/vue/JYblog/server/node_modules/mysql/lib/protocol/Protocol.js:279:23)
    at Parser.write (/Users/xugang/mywork/vue/JYblog/server/node_modules/mysql/lib/protocol/Parser.js:76:12)
    at Protocol.write (/Users/xugang/mywork/vue/JYblog/server/node_modules/mysql/lib/protocol/Protocol.js:39:16)
    at Socket.<anonymous> (/Users/xugang/mywork/vue/JYblog/server/node_modules/mysql/lib/Connection.js:103:28)
    
[2018-03-27T17:38:08.311] [ERROR] error - 
        POST 
        /user/login 
        500 
        req: {"{\"account\":\"xugang\",\"passwd\":\"xu19880816\",\"email\":\"371801080@qq":{"com\"}":""}} 
        res: 
        errMsg: ER_BAD_NULL_ERROR: Column 'user_name' cannot be null
        errStack: Error: ER_BAD_NULL_ERROR: Column 'user_name' cannot be null
    at Query.Sequence._packetToError (/Users/xugang/mywork/vue/JYblog/server/node_modules/mysql/lib/protocol/sequences/Sequence.js:52:14)
    at Query.ErrorPacket (/Users/xugang/mywork/vue/JYblog/server/node_modules/mysql/lib/protocol/sequences/Query.js:77:18)
    at Protocol._parsePacket (/Users/xugang/mywork/vue/JYblog/server/node_modules/mysql/lib/protocol/Protocol.js:279:23)
    at Parser.write (/Users/xugang/mywork/vue/JYblog/server/node_modules/mysql/lib/protocol/Parser.js:76:12)
    at Protocol.write (/Users/xugang/mywork/vue/JYblog/server/node_modules/mysql/lib/protocol/Protocol.js:39:16)
    at Socket.<anonymous> (/Users/xugang/mywork/vue/JYblog/server/node_modules/mysql/lib/Connection.js:103:28)
    at emitOne (events.js:116:13)
    at Socket.emit (events.js:211:7)
    at addChunk (_stream_readable.js:263:12)
    at readableAddChunk (_stream_readable.js:250:11)
    --------------------
    at Protocol._enqueue (/Users/xugang/mywork/vue/JYblog/server/node_modules/mysql/lib/protocol/Protocol.js:145:48)
    at PoolConnection.query (/Users/xugang/mywork/vue/JYblog/server/node_modules/mysql/lib/Connection.js:208:25)
    at pool.getConnection (/Users/xugang/mywork/vue/JYblog/server/src/tool/mysql.js:22:28)
    at Handshake.onConnect [as _callback] (/Users/xugang/mywork/vue/JYblog/server/node_modules/mysql/lib/Pool.js:64:7)
    at Handshake.Sequence.end (/Users/xugang/mywork/vue/JYblog/server/node_modules/mysql/lib/protocol/sequences/Sequence.js:88:24)
    at Handshake.Sequence.OkPacket (/Users/xugang/mywork/vue/JYblog/server/node_modules/mysql/lib/protocol/sequences/Sequence.js:97:8)
    at Protocol._parsePacket (/Users/xugang/mywork/vue/JYblog/server/node_modules/mysql/lib/protocol/Protocol.js:279:23)
    at Parser.write (/Users/xugang/mywork/vue/JYblog/server/node_modules/mysql/lib/protocol/Parser.js:76:12)
    at Protocol.write (/Users/xugang/mywork/vue/JYblog/server/node_modules/mysql/lib/protocol/Protocol.js:39:16)
    at Socket.<anonymous> (/Users/xugang/mywork/vue/JYblog/server/node_modules/mysql/lib/Connection.js:103:28)
    
