
[2018-03-27T15:51:31.824] [INFO] normal - GET /user/test?account=xugang 响应时间为: 0.003s
[2018-03-27T15:51:31.899] [INFO] normal - POST /user/login 响应时间为: 0.082s
[2018-03-27T15:51:31.901] [INFO] normal - POST /user/register 响应时间为: 0.081s
[2018-03-27T16:17:41.774] [INFO] normal - GET /user/test?account=xugang 响应时间为: 0.066s
[2018-03-27T16:17:41.933] [INFO] normal - POST /user/login 响应时间为: 0.274s
[2018-03-27T16:17:41.957] [INFO] normal - POST /user/register 响应时间为: 0.253s
[2018-03-27T16:27:48.192] [INFO] normal - GET /user/test?account=xugang 响应时间为: 0.044s
[2018-03-27T16:27:48.328] [INFO] normal - POST /user/login 响应时间为: 0.221s
[2018-03-27T16:27:48.370] [INFO] normal - POST /user/register 响应时间为: 0.164s
[2018-03-27T16:28:24.426] [INFO] normal - OPTIONS /user/login 响应时间为: 0.001s
[2018-03-27T16:28:24.436] [INFO] normal - GET /user/test?account=xugang 响应时间为: 0.003s
[2018-03-27T16:28:24.514] [INFO] normal - POST /user/register 响应时间为: 0.087s
[2018-03-27T16:28:24.748] [INFO] normal - POST /user/login 响应时间为: 0.318s
[2018-03-27T16:28:30.737] [INFO] normal - OPTIONS /user/login 响应时间为: 0.001s
[2018-03-27T16:28:30.741] [INFO] normal - GET /user/test?account=xugang 响应时间为: 0.002s
[2018-03-27T16:28:30.818] [INFO] normal - POST /user/register 响应时间为: 0.08s
[2018-03-27T16:28:30.902] [INFO] normal - POST /user/login 响应时间为: 0.081s
[2018-03-27T16:29:01.174] [INFO] normal - OPTIONS /user/login 响应时间为: 0.001s
[2018-03-27T16:29:01.177] [INFO] normal - OPTIONS /user/register 响应时间为: 0.002s
[2018-03-27T16:29:01.180] [INFO] normal - GET /user/test?account=xugang 响应时间为: 0.002s
[2018-03-27T16:29:01.252] [INFO] normal - POST /user/register 响应时间为: 0.068s
[2018-03-27T16:29:01.256] [INFO] normal - POST /user/login 响应时间为: 0.071s
[2018-03-27T16:29:05.643] [INFO] normal - GET /user/test?account=xugang 响应时间为: 0.002s
[2018-03-27T16:29:05.732] [INFO] normal - POST /user/login 响应时间为: 0.095s
[2018-03-27T16:29:05.734] [INFO] normal - POST /user/register 响应时间为: 0.096s
[2018-03-27T16:29:23.519] [INFO] normal - OPTIONS /user/login 响应时间为: 0.044s
[2018-03-27T16:29:23.531] [INFO] normal - OPTIONS /user/register 响应时间为: 0.002s
[2018-03-27T16:29:23.539] [INFO] normal - GET /user/test?account=xugang 响应时间为: 0.007s
[2018-03-27T16:29:23.866] [INFO] normal - POST /user/login 响应时间为: 0.189s
[2018-03-27T16:29:23.879] [INFO] normal - POST /user/register 响应时间为: 0.164s
[2018-03-27T16:30:09.000] [INFO] normal - GET /user/test?account=xugang 响应时间为: 0.003s
[2018-03-27T16:30:09.058] [INFO] normal - POST /user/login 响应时间为: 0.068s
[2018-03-27T16:30:09.304] [INFO] normal - POST /user/register 响应时间为: 0.309s
[2018-03-27T16:30:18.173] [INFO] normal - GET /user/test?account=xugang 响应时间为: 0.04s
[2018-03-27T16:30:18.284] [INFO] normal - POST /user/login 响应时间为: 0.204s
[2018-03-27T16:30:18.635] [INFO] normal - POST /user/register 响应时间为: 0.507s
[2018-03-27T16:32:14.370] [INFO] normal - GET /user/test?account=xugang 响应时间为: 0.034s
[2018-03-27T16:32:14.529] [INFO] normal - POST /user/login 响应时间为: 0.228s
[2018-03-27T16:32:14.532] [INFO] normal - POST /user/register 响应时间为: 0.152s
[2018-03-27T16:42:19.319] [INFO] normal - GET /user/test?account=xugang 响应时间为: 0.002s
[2018-03-27T16:42:19.409] [INFO] normal - POST /user/login 响应时间为: 0.095s
[2018-03-27T16:42:19.616] [INFO] normal - POST /user/register 响应时间为: 0.296s
[2018-03-27T16:42:58.481] [INFO] normal - GET /user/test?account=xugang 响应时间为: 0.038s
[2018-03-27T16:42:58.890] [INFO] normal - POST /user/register 响应时间为: 0.451s
[2018-03-27T16:42:58.904] [INFO] normal - POST /user/login 响应时间为: 0.473s
[2018-03-27T16:44:49.164] [INFO] normal - GET /user/test?account=xugang 响应时间为: 0.038s
[2018-03-27T16:44:49.281] [INFO] normal - POST /user/login 响应时间为: 0.17s
[2018-03-27T16:44:49.519] [INFO] normal - POST /user/register 响应时间为: 0.398s
[2018-03-27T17:05:51.726] [INFO] normal - POST /user/login 响应时间为: 0.045s
[2018-03-27T17:05:51.759] [INFO] normal - GET /user/test?account=xugang 响应时间为: 0.003s
[2018-03-27T17:05:51.768] [INFO] normal - POST /user/register 响应时间为: 0.004s
[2018-03-27T17:07:13.914] [INFO] normal - POST /user/login 响应时间为: 0.084s
[2018-03-27T17:07:13.953] [INFO] normal - GET /user/test?account=xugang 响应时间为: 0.004s
[2018-03-27T17:07:13.965] [INFO] normal - POST /user/register 响应时间为: 0.004s
[2018-03-27T17:08:20.172] [INFO] normal - GET /user/test?account=xugang 响应时间为: 0.043s
[2018-03-27T17:08:20.324] [INFO] normal - POST /user/login 响应时间为: 0.206s
[2018-03-27T17:08:20.855] [INFO] normal - POST /user/register 响应时间为: 0.729s
[2018-03-27T17:09:18.920] [INFO] normal - GET /user/test?account=xugang 响应时间为: 0.035s
[2018-03-27T17:09:19.097] [INFO] normal - POST /user/login 响应时间为: 0.221s
[2018-03-27T17:09:19.100] [INFO] normal - POST /user/register 响应时间为: 0.168s
[2018-03-27T17:11:17.305] [INFO] normal - GET /user/test?account=xugang 响应时间为: 0.036s
[2018-03-27T17:19:17.754] [INFO] normal - GET /user/test?account=xugang 响应时间为: 0.038s
[2018-03-27T17:20:48.764] [INFO] normal - GET /user/test?account=xugang 响应时间为: 0.041s
[2018-03-27T17:22:44.318] [INFO] normal - GET /user/test?account=xugang 响应时间为: 0.035s
[2018-03-27T17:38:07.074] [INFO] normal - GET /user/test?account=xugang 响应时间为: 0.001s
